2020-12-31 19:49:32,407 - root - main - INFO - Selected Login
2020-12-31 19:49:38,956 - gp - gp - INFO - Printing GP main menu
2020-12-31 19:52:14,640 - root - main - INFO - Selected Login
2020-12-31 20:35:54,820 - __main__ - main - INFO - testGP, user valid
2020-12-31 20:35:57,959 - __main__ - main - INFO - user: testGP; type GP: logged in
2020-12-31 20:36:55,489 - __main__ - main - INFO - testGP, user valid
2020-12-31 20:36:58,302 - __main__ - main - INFO - user: testGP; type GP: logged in
2020-12-31 20:48:44,613 - __main__ - main - INFO - testGP, user valid
2020-12-31 20:48:47,303 - __main__ - main - INFO - user: testGP; type GP: logged in
2020-12-31 20:50:45,850 - __main__ - main - INFO - testGP, user valid
2020-12-31 20:50:47,938 - __main__ - main - INFO - user: testGP; type GP: logged in
2020-12-31 20:53:41,616 - __main__ - main - INFO - testGP, user valid
2020-12-31 20:53:45,100 - __main__ - main - INFO - user: testGP; type GP: logged in
2020-12-31 20:56:41,679 - __main__ - main - INFO - testGP, user valid
2020-12-31 20:56:44,406 - __main__ - main - INFO - user: testGP; type GP: logged in
2020-12-31 21:08:40,239 - __main__ - main - INFO - testGP, user valid
2020-12-31 21:08:44,425 - __main__ - main - INFO - user: testGP; type GP: logged in
2021-01-03 11:05:58,519 - __main__ - main - INFO - testGP, user valid
2021-01-03 11:06:46,399 - __main__ - main - INFO - testGP, user valid
2021-01-03 11:06:49,947 - __main__ - main - WARNING - Password invalid
2021-01-03 11:06:52,858 - __main__ - main - INFO - user: testGP; type GP: logged in
2021-01-03 11:09:50,726 - __main__ - main - INFO - testGP, user valid
2021-01-03 11:09:52,868 - __main__ - main - INFO - user: testGP; type GP: logged in
2021-01-03 11:23:04,633 - __main__ - main - INFO - testGP, user valid
2021-01-03 11:23:07,278 - __main__ - main - INFO - user: testGP; type GP: logged in
2021-01-03 11:26:04,689 - __main__ - main - INFO - testGP, user valid
2021-01-03 11:26:07,217 - __main__ - main - INFO - user: testGP; type GP: logged in
2021-01-03 12:10:23,199 - __main__ - main - INFO - testGP, user valid
2021-01-03 12:10:25,366 - __main__ - main - INFO - user: testGP; type GP: logged in
2021-01-03 12:11:39,199 - __main__ - main - INFO - testGP, user valid
2021-01-03 12:11:41,553 - __main__ - main - INFO - user: testGP; type GP: logged in
2021-01-03 12:15:23,958 - __main__ - main - INFO - testGP2, user valid
2021-01-03 12:15:27,236 - __main__ - main - WARNING - Password invalid
2021-01-03 12:15:30,892 - __main__ - main - WARNING - Password invalid
2021-01-03 12:15:55,164 - __main__ - main - WARNING - Password invalid
2021-01-03 12:17:27,649 - __main__ - main - INFO - user: testGP2; type GP: logged in
2021-01-03 12:19:40,631 - __main__ - main - INFO - testGP, user valid
2021-01-03 12:19:42,770 - __main__ - main - INFO - user: testGP; type GP: logged in
2021-01-03 12:22:28,200 - __main__ - main - INFO - testGP, user valid
2021-01-03 12:22:30,678 - __main__ - main - INFO - user: testGP; type GP: logged in
2021-01-03 12:35:42,193 - __main__ - main - INFO - testGP, user valid
2021-01-03 12:35:44,382 - __main__ - main - INFO - user: testGP; type GP: logged in
2021-01-03 12:39:22,275 - __main__ - main - INFO - testGP, user valid
2021-01-03 12:39:24,988 - __main__ - main - INFO - user: testGP; type GP: logged in
2021-01-03 12:40:55,209 - __main__ - main - INFO - testGP, user valid
2021-01-03 12:40:57,531 - __main__ - main - INFO - user: testGP; type GP: logged in
2021-01-03 12:49:31,736 - __main__ - main - INFO - testGP, user valid
2021-01-03 12:49:33,966 - __main__ - main - INFO - user: testGP; type GP: logged in
2021-01-03 12:51:07,625 - __main__ - main - INFO - testGP, user valid
2021-01-03 12:51:09,695 - __main__ - main - INFO - user: testGP; type GP: logged in
2021-01-03 13:02:33,684 - __main__ - main - INFO - testGP, user valid
2021-01-03 13:02:35,841 - __main__ - main - INFO - user: testGP; type GP: logged in
2021-01-03 13:04:29,092 - __main__ - main - INFO - testGP, user valid
2021-01-03 13:04:31,355 - __main__ - main - INFO - user: testGP; type GP: logged in
2021-01-03 13:09:25,162 - __main__ - main - INFO - testGP, user valid
2021-01-03 13:09:27,581 - __main__ - main - INFO - user: testGP; type GP: logged in
2021-01-03 13:11:22,096 - __main__ - main - INFO - testGP, user valid
2021-01-03 13:11:24,040 - __main__ - main - INFO - user: testGP; type GP: logged in
2021-01-03 13:14:49,882 - __main__ - main - INFO - testGP, user valid
2021-01-03 13:14:51,861 - __main__ - main - INFO - user: testGP; type GP: logged in
2021-01-03 13:17:12,481 - __main__ - main - INFO - testGP, user valid
2021-01-03 13:17:14,592 - __main__ - main - INFO - user: testGP; type GP: logged in
